# JRE version: OpenJDK Runtime Environment (14.0.1+7) (build 14.0.1+7)
# Java VM: OpenJDK 64-Bit Server VM (14.0.1+7, mixed mode, sharing, tiered, compressed oops, g1 gc, windows-amd64)
Heap:
 garbage-first heap   total 65536K, used 31780K [0x0000000081e00000, 0x0000000100000000)
  region size 1024K, 8 young (8192K), 2 survivors (2048K)
 Metaspace       used 59218K, capacity 60794K, committed 61136K, reserved 1101824K
  class space    used 7900K, capacity 8470K, committed 8576K, reserved 1048576K
GC Heap History (20 events):
Event: 3.203 GC heap before
{Heap before GC invocations=7 (full 0):
 garbage-first heap   total 58368K, used 42119K [0x0000000081e00000, 0x0000000100000000)
  region size 1024K, 32 young (32768K), 4 survivors (4096K)
 Metaspace       used 26187K, capacity 27105K, committed 27312K, reserved 1073152K
  class space    used 3310K, capacity 3713K, committed 3840K, reserved 1048576K
}
Event: 3.210 GC heap after
{Heap after GC invocations=8 (full 0):
 garbage-first heap   total 58368K, used 14362K [0x0000000081e00000, 0x0000000100000000)
  region size 1024K, 2 young (2048K), 2 survivors (2048K)
 Metaspace       used 26187K, capacity 27105K, committed 27312K, reserved 1073152K
  class space    used 3310K, capacity 3713K, committed 3840K, reserved 1048576K
}
Event: 3.918 GC heap before
{Heap before GC invocations=8 (full 0):
 garbage-first heap   total 58368K, used 44058K [0x0000000081e00000, 0x0000000100000000)
  region size 1024K, 31 young (31744K), 2 survivors (2048K)
 Metaspace       used 30126K, capacity 31123K, committed 31280K, reserved 1077248K
  class space    used 3774K, capacity 4177K, committed 4224K, reserved 1048576K
}
Event: 3.926 GC heap after
{Heap after GC invocations=9 (full 0):
 garbage-first heap   total 58368K, used 15855K [0x0000000081e00000, 0x0000000100000000)
  region size 1024K, 3 young (3072K), 3 survivors (3072K)
 Metaspace       used 30126K, capacity 31123K, committed 31280K, reserved 1077248K
  class space    used 3774K, capacity 4177K, committed 4224K, reserved 1048576K
}
Event: 4.360 GC heap before
{Heap before GC invocations=9 (full 0):
 garbage-first heap   total 58368K, used 38383K [0x0000000081e00000, 0x0000000100000000)
  region size 1024K, 26 young (26624K), 3 survivors (3072K)
 Metaspace       used 34747K, capacity 35789K, committed 35888K, reserved 1081344K
  class space    used 4560K, capacity 4941K, committed 4992K, reserved 1048576K
}
Event: 4.367 GC heap after
{Heap after GC invocations=10 (full 0):
 garbage-first heap   total 70656K, used 16832K [0x0000000081e00000, 0x0000000100000000)
  region size 1024K, 3 young (3072K), 3 survivors (3072K)
 Metaspace       used 34747K, capacity 35789K, committed 35888K, reserved 1081344K
  class space    used 4560K, capacity 4941K, committed 4992K, reserved 1048576K
}
Event: 5.014 GC heap before
{Heap before GC invocations=11 (full 0):
 garbage-first heap   total 65536K, used 51648K [0x0000000081e00000, 0x0000000100000000)
  region size 1024K, 38 young (38912K), 3 survivors (3072K)
 Metaspace       used 42136K, capacity 43256K, committed 43568K, reserved 1087488K
  class space    used 5536K, capacity 5935K, committed 6016K, reserved 1048576K
}
Event: 5.024 GC heap after
{Heap after GC invocations=12 (full 0):
 garbage-first heap   total 65536K, used 19738K [0x0000000081e00000, 0x0000000100000000)
  region size 1024K, 5 young (5120K), 5 survivors (5120K)
 Metaspace       used 42136K, capacity 43256K, committed 43568K, reserved 1087488K
  class space    used 5536K, capacity 5935K, committed 6016K, reserved 1048576K
}
Event: 5.833 GC heap before
{Heap before GC invocations=12 (full 0):
 garbage-first heap   total 65536K, used 50458K [0x0000000081e00000, 0x0000000100000000)
  region size 1024K, 35 young (35840K), 5 survivors (5120K)
 Metaspace       used 47661K, capacity 48815K, committed 49072K, reserved 1091584K
  class space    used 6381K, capacity 6827K, committed 6912K, reserved 1048576K
}
Event: 5.843 GC heap after
{Heap after GC invocations=13 (full 0):
 garbage-first heap   total 65536K, used 21639K [0x0000000081e00000, 0x0000000100000000)
  region size 1024K, 2 young (2048K), 2 survivors (2048K)
 Metaspace       used 47661K, capacity 48815K, committed 49072K, reserved 1091584K
  class space    used 6381K, capacity 6827K, committed 6912K, reserved 1048576K
}
Event: 6.222 GC heap before
{Heap before GC invocations=13 (full 0):
 garbage-first heap   total 65536K, used 50311K [0x0000000081e00000, 0x0000000100000000)
  region size 1024K, 30 young (30720K), 2 survivors (2048K)
 Metaspace       used 51512K, capacity 52826K, committed 52912K, reserved 1095680K
  class space    used 6898K, capacity 7396K, committed 7424K, reserved 1048576K
}
Event: 6.226 GC heap after
{Heap after GC invocations=14 (full 0):
 garbage-first heap   total 65536K, used 22256K [0x0000000081e00000, 0x0000000100000000)
  region size 1024K, 3 young (3072K), 3 survivors (3072K)
 Metaspace       used 51512K, capacity 52826K, committed 52912K, reserved 1095680K
  class space    used 6898K, capacity 7396K, committed 7424K, reserved 1048576K
}
Event: 6.509 GC heap before
{Heap before GC invocations=14 (full 0):
 garbage-first heap   total 65536K, used 50928K [0x0000000081e00000, 0x0000000100000000)
  region size 1024K, 31 young (31744K), 3 survivors (3072K)
 Metaspace       used 52492K, capacity 53855K, committed 54192K, reserved 1095680K
  class space    used 7005K, capacity 7555K, committed 7680K, reserved 1048576K
}
Event: 6.512 GC heap after
{Heap after GC invocations=15 (full 0):
 garbage-first heap   total 65536K, used 23621K [0x0000000081e00000, 0x0000000100000000)
  region size 1024K, 3 young (3072K), 3 survivors (3072K)
 Metaspace       used 52492K, capacity 53855K, committed 54192K, reserved 1095680K
  class space    used 7005K, capacity 7555K, committed 7680K, reserved 1048576K
}
Event: 6.866 GC heap before
{Heap before GC invocations=15 (full 0):
 garbage-first heap   total 65536K, used 51269K [0x0000000081e00000, 0x0000000100000000)
  region size 1024K, 30 young (30720K), 3 survivors (3072K)
 Metaspace       used 55365K, capacity 56884K, committed 57136K, reserved 1097728K
  class space    used 7399K, capacity 7986K, committed 8064K, reserved 1048576K
}
Event: 6.870 GC heap after
{Heap after GC invocations=16 (full 0):
 garbage-first heap   total 65536K, used 25010K [0x0000000081e00000, 0x0000000100000000)
  region size 1024K, 3 young (3072K), 3 survivors (3072K)
 Metaspace       used 55365K, capacity 56884K, committed 57136K, reserved 1097728K
  class space    used 7399K, capacity 7986K, committed 8064K, reserved 1048576K
}
Event: 21.233 GC heap before
{Heap before GC invocations=16 (full 0):
 garbage-first heap   total 65536K, used 50610K [0x0000000081e00000, 0x0000000100000000)
  region size 1024K, 28 young (28672K), 3 survivors (3072K)
 Metaspace       used 58330K, capacity 59824K, committed 60080K, reserved 1101824K
  class space    used 7771K, capacity 8339K, committed 8448K, reserved 1048576K
}
Event: 21.239 GC heap after
{Heap after GC invocations=17 (full 0):
 garbage-first heap   total 65536K, used 26482K [0x0000000081e00000, 0x0000000100000000)
  region size 1024K, 3 young (3072K), 3 survivors (3072K)
 Metaspace       used 58330K, capacity 59824K, committed 60080K, reserved 1101824K
  class space    used 7771K, capacity 8339K, committed 8448K, reserved 1048576K
}
Event: 21.271 GC heap before
{Heap before GC invocations=17 (full 0):
 garbage-first heap   total 65536K, used 27506K [0x0000000081e00000, 0x0000000100000000)
  region size 1024K, 6 young (6144K), 3 survivors (3072K)
 Metaspace       used 58662K, capacity 60144K, committed 60240K, reserved 1101824K
  class space    used 7816K, capacity 8403K, committed 8448K, reserved 1048576K
}
Event: 21.275 GC heap after
{Heap after GC invocations=18 (full 0):
 garbage-first heap   total 65536K, used 26660K [0x0000000081e00000, 0x0000000100000000)
  region size 1024K, 2 young (2048K), 2 survivors (2048K)
 Metaspace       used 58662K, capacity 60144K, committed 60240K, reserved 1101824K
  class space    used 7816K, capacity 8403K, committed 8448K, reserved 1048576K
}

